[35m[1mScanning dependencies of target test_component[0m
[35m[1mScanning dependencies of target camera_component[0m
[ 40%] [32mBuilding CXX object CMakeFiles/camera_component.dir/src/RosNode.cpp.o[0m
[ 40%] [32mBuilding CXX object CMakeFiles/test_component.dir/src/test_get_image.cpp.o[0m
[01m[K/home/peter/ros2.1/UsbCaptureROS4/src/ros2_usbcapture/src/test_get_image.cpp:[m[K In member function â€˜[01m[Kvoid wmj::Image_get_test::call_back(interfaces::msg::MatWithTime_<std::allocator<void> >::SharedPtr)[m[Kâ€™:
[01m[K/home/peter/ros2.1/UsbCaptureROS4/src/ros2_usbcapture/src/test_get_image.cpp:38:20:[m[K [01;31m[Kerror: [m[Kâ€˜[01m[Km_orientation[m[Kâ€™ was not declared in this scope
   38 |         cv::imshow([01;31m[Km_orientation[m[K, cv_ptr->image);
      |                    [01;31m[K^~~~~~~~~~~~~[m[K
[ 60%] [32m[1mLinking CXX shared library libcamera_component.so[0m
make[2]: *** [CMakeFiles/test_component.dir/build.make:63ï¼šCMakeFiles/test_component.dir/src/test_get_image.cpp.o] é”™è¯¯ 1
make[1]: *** [CMakeFiles/Makefile2:80ï¼šCMakeFiles/test_component.dir/all] é”™è¯¯ 2
make[1]: *** æ­£åœ¨ç­‰å¾…æœªå®Œæˆçš„ä»»åŠ¡....
[ 80%] Built target camera_component
make: *** [Makefile:141ï¼šall] é”™è¯¯ 2
