[0.012s] Invoking command in '/home/peter/ros2/UsbCaptureROS4/build/ros2_usbcapture': CMAKE_PREFIX_PATH=/home/peter/ros2/UsbCaptureROS4/install/interfaces:/home/peter/ros2/UsbCaptureROS4/install/common:/home/peter/ros2/UsbCaptureROS4/install/ros2_usbcapture:/opt/ros/foxy LD_LIBRARY_PATH=/home/peter/ros2/UsbCaptureROS4/install/interfaces/lib:/home/peter/ros2/UsbCaptureROS4/install/common/lib:/home/peter/ros2/UsbCaptureROS4/install/ros2_usbcapture/lib:/opt/ros/foxy/opt/yaml_cpp_vendor/lib:/opt/ros/foxy/opt/rviz_ogre_vendor/lib:/opt/ros/foxy/lib/x86_64-linux-gnu:/opt/ros/foxy/lib /bin/cmake --build /home/peter/ros2/UsbCaptureROS4/build/ros2_usbcapture -- -j16 -l16
[0.058s] [35m[1mScanning dependencies of target test_component[0m
[0.070s] [ 60%] Built target camera_component
[0.082s] [ 80%] [32mBuilding CXX object CMakeFiles/test_component.dir/src/test_get_image.cpp.o[0m
[1.776s] [01m[K/home/peter/ros2/UsbCaptureROS4/src/ros2_usbcapture/src/test_get_image.cpp:[m[K In member function â€˜[01m[Kvoid wmj::Image_get_test::call_back(interfaces::msg::MatWithTime_<std::allocator<void> >::SharedPtr)[m[Kâ€™:
[1.776s] [01m[K/home/peter/ros2/UsbCaptureROS4/src/ros2_usbcapture/src/test_get_image.cpp:31:34:[m[K [01;31m[Kerror: [m[Kâ€˜[01m[Khex[m[Kâ€™ was not declared in this scope; did you mean â€˜[01m[Kstd::hex[m[Kâ€™?
[1.776s]    31 |         std::cout << "addr: " << [01;31m[Khex[m[K <<
[1.776s]       |                                  [01;31m[K^~~[m[K
[1.776s]       |                                  [32m[Kstd::hex[m[K
[1.776s] In file included from [01m[K/usr/include/c++/9/ios:42[m[K,
[1.776s]                  from [01m[K/usr/include/c++/9/ostream:38[m[K,
[1.776s]                  from [01m[K/usr/include/c++/9/iostream:39[m[K,
[1.776s]                  from [01m[K/opt/ros/foxy/include/rclcpp/executor.hpp:22[m[K,
[1.776s]                  from [01m[K/opt/ros/foxy/include/rclcpp/executors/multi_threaded_executor.hpp:26[m[K,
[1.776s]                  from [01m[K/opt/ros/foxy/include/rclcpp/executors.hpp:21[m[K,
[1.776s]                  from [01m[K/opt/ros/foxy/include/rclcpp/rclcpp.hpp:146[m[K,
[1.776s]                  from [01m[K/home/peter/ros2/UsbCaptureROS4/src/ros2_usbcapture/include/ros2_usbcapture/test_get_image.h:6[m[K,
[1.776s]                  from [01m[K/home/peter/ros2/UsbCaptureROS4/src/ros2_usbcapture/src/test_get_image.cpp:1[m[K:
[1.777s] [01m[K/usr/include/c++/9/bits/ios_base.h:1036:3:[m[K [01;36m[Knote: [m[Kâ€˜[01m[Kstd::hex[m[Kâ€™ declared here
[1.777s]  1036 |   [01;36m[Khex[m[K(ios_base& __base)
[1.777s]       |   [01;36m[K^~~[m[K
[3.285s] make[2]: *** [CMakeFiles/test_component.dir/build.make:63ï¼šCMakeFiles/test_component.dir/src/test_get_image.cpp.o] é”™è¯¯ 1
[3.286s] make[1]: *** [CMakeFiles/Makefile2:80ï¼šCMakeFiles/test_component.dir/all] é”™è¯¯ 2
[3.286s] make: *** [Makefile:141ï¼šall] é”™è¯¯ 2
[3.288s] Invoked command in '/home/peter/ros2/UsbCaptureROS4/build/ros2_usbcapture' returned '2': CMAKE_PREFIX_PATH=/home/peter/ros2/UsbCaptureROS4/install/interfaces:/home/peter/ros2/UsbCaptureROS4/install/common:/home/peter/ros2/UsbCaptureROS4/install/ros2_usbcapture:/opt/ros/foxy LD_LIBRARY_PATH=/home/peter/ros2/UsbCaptureROS4/install/interfaces/lib:/home/peter/ros2/UsbCaptureROS4/install/common/lib:/home/peter/ros2/UsbCaptureROS4/install/ros2_usbcapture/lib:/opt/ros/foxy/opt/yaml_cpp_vendor/lib:/opt/ros/foxy/opt/rviz_ogre_vendor/lib:/opt/ros/foxy/lib/x86_64-linux-gnu:/opt/ros/foxy/lib /bin/cmake --build /home/peter/ros2/UsbCaptureROS4/build/ros2_usbcapture -- -j16 -l16
