[0.012s] Invoking command in '/home/peter/ros2/UsbCaptureROS4/build/ros2_usbcapture': CMAKE_PREFIX_PATH=/home/peter/ros2/UsbCaptureROS4/install/interfaces:/home/peter/ros2/UsbCaptureROS4/install/common:/home/peter/ros2/UsbCaptureROS4/install/ros2_usbcapture:/opt/ros/foxy LD_LIBRARY_PATH=/home/peter/ros2/UsbCaptureROS4/install/interfaces/lib:/home/peter/ros2/UsbCaptureROS4/install/common/lib:/home/peter/ros2/UsbCaptureROS4/install/ros2_usbcapture/lib:/opt/ros/foxy/opt/yaml_cpp_vendor/lib:/opt/ros/foxy/opt/rviz_ogre_vendor/lib:/opt/ros/foxy/lib/x86_64-linux-gnu:/opt/ros/foxy/lib /bin/cmake --build /home/peter/ros2/UsbCaptureROS4/build/ros2_usbcapture -- -j16 -l16
[0.059s] [35m[1mScanning dependencies of target camera_component[0m
[0.073s] [ 20%] [32mBuilding CXX object CMakeFiles/test_component.dir/src/test_get_image.cpp.o[0m
[0.085s] [ 40%] [32mBuilding CXX object CMakeFiles/camera_component.dir/src/RosNode.cpp.o[0m
[1.860s] [01m[K/home/peter/ros2/UsbCaptureROS4/src/ros2_usbcapture/src/test_get_image.cpp:[m[K In member function ‚Äò[01m[Kvoid wmj::Image_get_test::call_back(interfaces::msg::MatWithTime_<std::allocator<void> >::SharedPtr)[m[K‚Äô:
[1.860s] [01m[K/home/peter/ros2/UsbCaptureROS4/src/ros2_usbcapture/src/test_get_image.cpp:23:61:[m[K [01;31m[Kerror: [m[Kno matching function for call to ‚Äò[01m[KtoCvShare(interfaces::msg::MatWithTime_<std::allocator<void> >::_image_type&, const char [5])[m[K‚Äô
[1.860s]    23 |             cv_ptr = cv_bridge::toCvShare(msg->image, "bgr8"[01;31m[K)[m[K;
[1.860s]       |                                                             [01;31m[K^[m[K
[1.860s] In file included from [01m[K/home/peter/ros2/UsbCaptureROS4/src/ros2_usbcapture/include/ros2_usbcapture/test_get_image.h:13[m[K,
[1.860s]                  from [01m[K/home/peter/ros2/UsbCaptureROS4/src/ros2_usbcapture/src/test_get_image.cpp:1[m[K:
[1.860s] [01m[K/opt/ros/foxy/include/cv_bridge/cv_bridge.h:232:34:[m[K [01;36m[Knote: [m[Kcandidate: ‚Äò[01m[Kcv_bridge::CvImageConstPtr cv_bridge::toCvShare(const ConstSharedPtr&, const string&)[m[K‚Äô
[1.860s]   232 | CV_BRIDGE_EXPORT CvImageConstPtr [01;36m[KtoCvShare[m[K(
[1.860s]       |                                  [01;36m[K^~~~~~~~~[m[K
[1.860s] [01m[K/opt/ros/foxy/include/cv_bridge/cv_bridge.h:233:51:[m[K [01;36m[Knote: [m[K  no known conversion for argument 1 from ‚Äò[01m[Kinterfaces::msg::MatWithTime_<std::allocator<void> >::_image_type[m[K‚Äô {aka ‚Äò[01m[Ksensor_msgs::msg::Image_<std::allocator<void> >[m[K‚Äô} to ‚Äò[01m[Kconst ConstSharedPtr&[m[K‚Äô {aka ‚Äò[01m[Kconst std::shared_ptr<const sensor_msgs::msg::Image_<std::allocator<void> > >&[m[K‚Äô}
[1.860s]   233 |   [01;36m[Kconst sensor_msgs::msg::Image::ConstSharedPtr & source[m[K,
[1.861s]       |   [01;36m[K~~~~~~~~~~~~~~~~~~~~~~~~~~~~~~~~~~~~~~~~~~~~~~~~^~~~~~[m[K
[1.861s] [01m[K/opt/ros/foxy/include/cv_bridge/cv_bridge.h:260:34:[m[K [01;36m[Knote: [m[Kcandidate: ‚Äò[01m[Kcv_bridge::CvImageConstPtr cv_bridge::toCvShare(const Image&, const std::shared_ptr<const void>&, const string&)[m[K‚Äô
[1.861s]   260 | CV_BRIDGE_EXPORT CvImageConstPtr [01;36m[KtoCvShare[m[K(
[1.861s]       |                                  [01;36m[K^~~~~~~~~[m[K
[1.861s] [01m[K/opt/ros/foxy/include/cv_bridge/cv_bridge.h:155:41:[m[K [01;36m[Knote: [m[K  no known conversion for argument 2 from ‚Äò[01m[Kconst char [5][m[K‚Äô to ‚Äò[01m[Kconst std::shared_ptr<const void>&[m[K‚Äô
[1.861s]   155 |     [01;36m[Kconst std::shared_ptr<void const> & tracked_object[m[K,
[1.861s]       |     [01;36m[K~~~~~~~~~~~~~~~~~~~~~~~~~~~~~~~~~~~~^~~~~~~~~~~~~~[m[K
[3.424s] [ 60%] [32m[1mLinking CXX shared library libcamera_component.so[0m
[3.513s] make[2]: *** [CMakeFiles/test_component.dir/build.make:63ÔºöCMakeFiles/test_component.dir/src/test_get_image.cpp.o] ÈîôËØØ 1
[3.513s] make[1]: *** [CMakeFiles/Makefile2:80ÔºöCMakeFiles/test_component.dir/all] ÈîôËØØ 2
[3.514s] make[1]: *** Ê≠£Âú®Á≠âÂæÖÊú™ÂÆåÊàêÁöÑ‰ªªÂä°....
[3.700s] [ 80%] Built target camera_component
[3.700s] make: *** [Makefile:141Ôºöall] ÈîôËØØ 2
[3.702s] Invoked command in '/home/peter/ros2/UsbCaptureROS4/build/ros2_usbcapture' returned '2': CMAKE_PREFIX_PATH=/home/peter/ros2/UsbCaptureROS4/install/interfaces:/home/peter/ros2/UsbCaptureROS4/install/common:/home/peter/ros2/UsbCaptureROS4/install/ros2_usbcapture:/opt/ros/foxy LD_LIBRARY_PATH=/home/peter/ros2/UsbCaptureROS4/install/interfaces/lib:/home/peter/ros2/UsbCaptureROS4/install/common/lib:/home/peter/ros2/UsbCaptureROS4/install/ros2_usbcapture/lib:/opt/ros/foxy/opt/yaml_cpp_vendor/lib:/opt/ros/foxy/opt/rviz_ogre_vendor/lib:/opt/ros/foxy/lib/x86_64-linux-gnu:/opt/ros/foxy/lib /bin/cmake --build /home/peter/ros2/UsbCaptureROS4/build/ros2_usbcapture -- -j16 -l16
