[0.012s] Invoking command in '/home/peter/ros2/UsbCaptureROS4/build/ros2_usbcapture': CMAKE_PREFIX_PATH=/home/peter/ros2/UsbCaptureROS4/install/interfaces:/home/peter/ros2/UsbCaptureROS4/install/common:/home/peter/ros2/UsbCaptureROS4/install/ros2_usbcapture:/opt/ros/foxy LD_LIBRARY_PATH=/home/peter/ros2/UsbCaptureROS4/install/interfaces/lib:/home/peter/ros2/UsbCaptureROS4/install/common/lib:/home/peter/ros2/UsbCaptureROS4/install/ros2_usbcapture/lib:/opt/ros/foxy/opt/yaml_cpp_vendor/lib:/opt/ros/foxy/opt/rviz_ogre_vendor/lib:/opt/ros/foxy/lib/x86_64-linux-gnu:/opt/ros/foxy/lib /bin/cmake --build /home/peter/ros2/UsbCaptureROS4/build/ros2_usbcapture -- -j16 -l16
[0.056s] [35m[1mScanning dependencies of target camera_component[0m
[0.056s] [35m[1mScanning dependencies of target test_component[0m
[0.083s] [ 40%] [32mBuilding CXX object CMakeFiles/test_component.dir/src/test_get_image.cpp.o[0m
[0.083s] [ 40%] [32mBuilding CXX object CMakeFiles/camera_component.dir/src/RosNode.cpp.o[0m
[1.796s] [01m[K/home/peter/ros2/UsbCaptureROS4/src/ros2_usbcapture/src/RosNode.cpp:[m[K In member function ‚Äò[01m[Kvoid wmj::camera_node::timer_call_back()[m[K‚Äô:
[1.797s] [01m[K/home/peter/ros2/UsbCaptureROS4/src/ros2_usbcapture/src/RosNode.cpp:52:65:[m[K [01;31m[Kerror: [m[Kexpected ‚Äò[01m[K;[m[K‚Äô before ‚Äò[01m[Kstd[m[K‚Äô
[1.797s]    52 |         00000000000000000000000000000000000000000000000000000000
[1.797s]       |                                                                 [01;31m[K^[m[K
[1.797s]       |                                                                 [32m[K;[m[K
[1.797s]    53 |         [32m[Kstd[m[K::cout << "addr2: " << std::hex << &img_msg << std::endl;
[1.797s]       |         [32m[K~~~[m[K                                                      
[1.800s] [01m[K/home/peter/ros2/UsbCaptureROS4/src/ros2_usbcapture/src/RosNode.cpp:54:24:[m[K [01;31m[Kerror: [m[K‚Äò[01m[Kimg_msg[m[K‚Äô was not declared in this scope
[1.800s]    54 |         msg->image =  *[01;31m[Kimg_msg[m[K.toImageMsg();
[1.800s]       |                        [01;31m[K^~~~~~~[m[K
[1.821s] [01m[K/home/peter/ros2/UsbCaptureROS4/src/ros2_usbcapture/src/test_get_image.cpp:[m[K In member function ‚Äò[01m[Kvoid wmj::Image_get_test::call_back(interfaces::msg::MatWithTime_<std::allocator<void> >::SharedPtr)[m[K‚Äô:
[1.821s] [01m[K/home/peter/ros2/UsbCaptureROS4/src/ros2_usbcapture/src/test_get_image.cpp:23:61:[m[K [01;31m[Kerror: [m[Kno matching function for call to ‚Äò[01m[KtoCvShare(interfaces::msg::MatWithTime_<std::allocator<void> >::_image_type&, const char [5])[m[K‚Äô
[1.821s]    23 |             cv_ptr = cv_bridge::toCvShare(msg->image, "bgr8"[01;31m[K)[m[K;
[1.821s]       |                                                             [01;31m[K^[m[K
[1.821s] In file included from [01m[K/home/peter/ros2/UsbCaptureROS4/src/ros2_usbcapture/include/ros2_usbcapture/test_get_image.h:13[m[K,
[1.821s]                  from [01m[K/home/peter/ros2/UsbCaptureROS4/src/ros2_usbcapture/src/test_get_image.cpp:1[m[K:
[1.821s] [01m[K/opt/ros/foxy/include/cv_bridge/cv_bridge.h:232:34:[m[K [01;36m[Knote: [m[Kcandidate: ‚Äò[01m[Kcv_bridge::CvImageConstPtr cv_bridge::toCvShare(const ConstSharedPtr&, const string&)[m[K‚Äô
[1.821s]   232 | CV_BRIDGE_EXPORT CvImageConstPtr [01;36m[KtoCvShare[m[K(
[1.822s]       |                                  [01;36m[K^~~~~~~~~[m[K
[1.822s] [01m[K/opt/ros/foxy/include/cv_bridge/cv_bridge.h:233:51:[m[K [01;36m[Knote: [m[K  no known conversion for argument 1 from ‚Äò[01m[Kinterfaces::msg::MatWithTime_<std::allocator<void> >::_image_type[m[K‚Äô {aka ‚Äò[01m[Ksensor_msgs::msg::Image_<std::allocator<void> >[m[K‚Äô} to ‚Äò[01m[Kconst ConstSharedPtr&[m[K‚Äô {aka ‚Äò[01m[Kconst std::shared_ptr<const sensor_msgs::msg::Image_<std::allocator<void> > >&[m[K‚Äô}
[1.822s]   233 |   [01;36m[Kconst sensor_msgs::msg::Image::ConstSharedPtr & source[m[K,
[1.822s]       |   [01;36m[K~~~~~~~~~~~~~~~~~~~~~~~~~~~~~~~~~~~~~~~~~~~~~~~~^~~~~~[m[K
[1.822s] [01m[K/opt/ros/foxy/include/cv_bridge/cv_bridge.h:260:34:[m[K [01;36m[Knote: [m[Kcandidate: ‚Äò[01m[Kcv_bridge::CvImageConstPtr cv_bridge::toCvShare(const Image&, const std::shared_ptr<const void>&, const string&)[m[K‚Äô
[1.822s]   260 | CV_BRIDGE_EXPORT CvImageConstPtr [01;36m[KtoCvShare[m[K(
[1.822s]       |                                  [01;36m[K^~~~~~~~~[m[K
[1.822s] [01m[K/opt/ros/foxy/include/cv_bridge/cv_bridge.h:155:41:[m[K [01;36m[Knote: [m[K  no known conversion for argument 2 from ‚Äò[01m[Kconst char [5][m[K‚Äô to ‚Äò[01m[Kconst std::shared_ptr<const void>&[m[K‚Äô
[1.822s]   155 |     [01;36m[Kconst std::shared_ptr<void const> & tracked_object[m[K,
[1.822s]       |     [01;36m[K~~~~~~~~~~~~~~~~~~~~~~~~~~~~~~~~~~~~^~~~~~~~~~~~~~[m[K
[2.618s] make[2]: *** [CMakeFiles/camera_component.dir/build.make:63ÔºöCMakeFiles/camera_component.dir/src/RosNode.cpp.o] ÈîôËØØ 1
[2.618s] make[1]: *** [CMakeFiles/Makefile2:107ÔºöCMakeFiles/camera_component.dir/all] ÈîôËØØ 2
[2.618s] make[1]: *** Ê≠£Âú®Á≠âÂæÖÊú™ÂÆåÊàêÁöÑ‰ªªÂä°....
[3.382s] make[2]: *** [CMakeFiles/test_component.dir/build.make:63ÔºöCMakeFiles/test_component.dir/src/test_get_image.cpp.o] ÈîôËØØ 1
[3.382s] make[1]: *** [CMakeFiles/Makefile2:80ÔºöCMakeFiles/test_component.dir/all] ÈîôËØØ 2
[3.382s] make: *** [Makefile:141Ôºöall] ÈîôËØØ 2
[3.384s] Invoked command in '/home/peter/ros2/UsbCaptureROS4/build/ros2_usbcapture' returned '2': CMAKE_PREFIX_PATH=/home/peter/ros2/UsbCaptureROS4/install/interfaces:/home/peter/ros2/UsbCaptureROS4/install/common:/home/peter/ros2/UsbCaptureROS4/install/ros2_usbcapture:/opt/ros/foxy LD_LIBRARY_PATH=/home/peter/ros2/UsbCaptureROS4/install/interfaces/lib:/home/peter/ros2/UsbCaptureROS4/install/common/lib:/home/peter/ros2/UsbCaptureROS4/install/ros2_usbcapture/lib:/opt/ros/foxy/opt/yaml_cpp_vendor/lib:/opt/ros/foxy/opt/rviz_ogre_vendor/lib:/opt/ros/foxy/lib/x86_64-linux-gnu:/opt/ros/foxy/lib /bin/cmake --build /home/peter/ros2/UsbCaptureROS4/build/ros2_usbcapture -- -j16 -l16
