[0.014s] Invoking command in '/home/peter/ros2/UsbCaptureROS4/build/ros2_usbcapture': CMAKE_PREFIX_PATH=/home/peter/ros2/UsbCaptureROS4/install/interfaces:/home/peter/ros2/UsbCaptureROS4/install/common:/home/peter/ros2/UsbCaptureROS4/install/ros2_usbcapture:/opt/ros/foxy LD_LIBRARY_PATH=/home/peter/ros2/UsbCaptureROS4/install/interfaces/lib:/home/peter/ros2/UsbCaptureROS4/install/common/lib:/home/peter/ros2/UsbCaptureROS4/install/ros2_usbcapture/lib:/opt/ros/foxy/opt/yaml_cpp_vendor/lib:/opt/ros/foxy/opt/rviz_ogre_vendor/lib:/opt/ros/foxy/lib/x86_64-linux-gnu:/opt/ros/foxy/lib /bin/cmake --build /home/peter/ros2/UsbCaptureROS4/build/ros2_usbcapture -- -j16 -l16
[0.063s] [35m[1mScanning dependencies of target camera_component[0m
[0.079s] [ 40%] Built target test_component
[0.087s] [ 60%] [32mBuilding CXX object CMakeFiles/camera_component.dir/src/RosNode.cpp.o[0m
[1.936s] [01m[K/home/peter/ros2/UsbCaptureROS4/src/ros2_usbcapture/src/RosNode.cpp:[m[K In member function â€˜[01m[Kvoid wmj::camera_node::timer_call_back()[m[Kâ€™:
[1.936s] [01m[K/home/peter/ros2/UsbCaptureROS4/src/ros2_usbcapture/src/RosNode.cpp:40:19:[m[K [01;31m[Kerror: [m[Kâ€˜[01m[Kclass std::vector<wmj::MatWithTime>[m[Kâ€™ has no member named â€˜[01m[Km_img[m[Kâ€™
[1.936s]    40 |         if (frame.[01;31m[Km_img[m[K.empty())
[1.936s]       |                   [01;31m[K^~~~~[m[K
[1.936s] [01m[K/home/peter/ros2/UsbCaptureROS4/src/ros2_usbcapture/src/RosNode.cpp:43:19:[m[K [01;31m[Kerror: [m[Kâ€˜[01m[Kclass std::vector<wmj::MatWithTime>[m[Kâ€™ has no member named â€˜[01m[Km_img[m[Kâ€™
[1.937s]    43 |             frame.[01;31m[Km_img[m[K = empty;
[1.937s]       |                   [01;31m[K^~~~~[m[K
[1.937s] [01m[K/home/peter/ros2/UsbCaptureROS4/src/ros2_usbcapture/src/RosNode.cpp:44:31:[m[K [01;31m[Kerror: [m[Kâ€˜[01m[Kclass std::vector<wmj::MatWithTime>[m[Kâ€™ has no member named â€˜[01m[Km_img[m[Kâ€™
[1.937s]    44 |             cv::putText(frame.[01;31m[Km_img[m[K, "No Image", cv::Point(400, 400), cv::FONT_HERSHEY_COMPLEX, 3, cv::Scalar::all(255), 1);
[1.937s]       |                               [01;31m[K^~~~~[m[K
[1.937s] [01m[K/home/peter/ros2/UsbCaptureROS4/src/ros2_usbcapture/src/RosNode.cpp:45:31:[m[K [01;31m[Kerror: [m[Kâ€˜[01m[Kclass std::vector<wmj::MatWithTime>[m[Kâ€™ has no member named â€˜[01m[Km_img[m[Kâ€™
[1.937s]    45 |             cv::putText(frame.[01;31m[Km_img[m[K, "This frame", cv::Point(350, 500), cv::FONT_HERSHEY_COMPLEX, 3, cv::Scalar::all(255), 1);
[1.937s]       |                               [01;31m[K^~~~~[m[K
[1.937s] [01m[K/home/peter/ros2/UsbCaptureROS4/src/ros2_usbcapture/src/RosNode.cpp:46:31:[m[K [01;31m[Kerror: [m[Kâ€˜[01m[Kclass std::vector<wmj::MatWithTime>[m[Kâ€™ has no member named â€˜[01m[Km_img[m[Kâ€™
[1.937s]    46 |             cv::putText(frame.[01;31m[Km_img[m[K, "is empty!", cv::Point(350, 600), cv::FONT_HERSHEY_COMPLEX, 3, cv::Scalar::all(255), 1);
[1.937s]       |                               [01;31m[K^~~~~[m[K
[1.944s] [01m[K/home/peter/ros2/UsbCaptureROS4/src/ros2_usbcapture/src/RosNode.cpp:53:31:[m[K [01;31m[Kerror: [m[Kâ€˜[01m[Kclass std::vector<wmj::MatWithTime>[m[Kâ€™ has no member named â€˜[01m[Km_img[m[Kâ€™
[1.944s]    53 |         cv_ptr->image = frame.[01;31m[Km_img[m[K;
[1.944s]       |                               [01;31m[K^~~~~[m[K
[1.947s] [01m[K/home/peter/ros2/UsbCaptureROS4/src/ros2_usbcapture/src/RosNode.cpp:55:34:[m[K [01;31m[Kerror: [m[Kâ€˜[01m[Kclass std::vector<wmj::MatWithTime>[m[Kâ€™ has no member named â€˜[01m[Km_orientation[m[Kâ€™
[1.947s]    55 |         msg->orientation = frame.[01;31m[Km_orientation[m[K;
[1.947s]       |                                  [01;31m[K^~~~~~~~~~~~~[m[K
[1.947s] [01m[K/home/peter/ros2/UsbCaptureROS4/src/ros2_usbcapture/src/RosNode.cpp:56:33:[m[K [01;31m[Kerror: [m[Kâ€˜[01m[Kclass std::vector<wmj::MatWithTime>[m[Kâ€™ has no member named â€˜[01m[Km_time_stamp[m[Kâ€™
[1.947s]    56 |         msg->time_stamp = frame.[01;31m[Km_time_stamp[m[K;
[1.947s]       |                                 [01;31m[K^~~~~~~~~~~~[m[K
[1.947s] [01m[K/home/peter/ros2/UsbCaptureROS4/src/ros2_usbcapture/src/RosNode.cpp:57:49:[m[K [01;31m[Kerror: [m[Kâ€˜[01m[Kclass std::vector<wmj::MatWithTime>[m[Kâ€™ has no member named â€˜[01m[Km_time_stamp[m[Kâ€™
[1.947s]    57 |         std::cout << "test_time_stamp" << frame.[01;31m[Km_time_stamp[m[K << std::endl;
[1.947s]       |                                                 [01;31m[K^~~~~~~~~~~~[m[K
[2.799s] make[2]: *** [CMakeFiles/camera_component.dir/build.make:63ï¼šCMakeFiles/camera_component.dir/src/RosNode.cpp.o] é”™è¯¯ 1
[2.799s] make[1]: *** [CMakeFiles/Makefile2:107ï¼šCMakeFiles/camera_component.dir/all] é”™è¯¯ 2
[2.799s] make: *** [Makefile:141ï¼šall] é”™è¯¯ 2
[2.801s] Invoked command in '/home/peter/ros2/UsbCaptureROS4/build/ros2_usbcapture' returned '2': CMAKE_PREFIX_PATH=/home/peter/ros2/UsbCaptureROS4/install/interfaces:/home/peter/ros2/UsbCaptureROS4/install/common:/home/peter/ros2/UsbCaptureROS4/install/ros2_usbcapture:/opt/ros/foxy LD_LIBRARY_PATH=/home/peter/ros2/UsbCaptureROS4/install/interfaces/lib:/home/peter/ros2/UsbCaptureROS4/install/common/lib:/home/peter/ros2/UsbCaptureROS4/install/ros2_usbcapture/lib:/opt/ros/foxy/opt/yaml_cpp_vendor/lib:/opt/ros/foxy/opt/rviz_ogre_vendor/lib:/opt/ros/foxy/lib/x86_64-linux-gnu:/opt/ros/foxy/lib /bin/cmake --build /home/peter/ros2/UsbCaptureROS4/build/ros2_usbcapture -- -j16 -l16
