CMake Error: The current CMakeCache.txt directory /home/peter/ros2.1/UsbCaptureROS4/build/ros2_usbcapture/CMakeCache.txt is different than the directory /home/peter/ros2/UsbCaptureROS4/build/ros2_usbcapture where CMakeCache.txt was created. This may result in binaries being created in the wrong place. If you are not sure, reedit the CMakeCache.txt
[01m[K/home/peter/ros2/UsbCaptureROS4/src/ros2_usbcapture/src/test_get_image.cpp:[m[K In member function â€˜[01m[Kvoid wmj::Image_get_test::call_back(interfaces::msg::MatWithTime_<std::allocator<void> >::SharedPtr)[m[Kâ€™:
[01m[K/home/peter/ros2/UsbCaptureROS4/src/ros2_usbcapture/src/test_get_image.cpp:23:61:[m[K [01;31m[Kerror: [m[Kno matching function for call to â€˜[01m[KtoCvShare(interfaces::msg::MatWithTime_<std::allocator<void> >::_image_type&, const char [5])[m[Kâ€™
   23 |             cv_ptr = cv_bridge::toCvShare(msg->image, "bgr8"[01;31m[K)[m[K;
      |                                                             [01;31m[K^[m[K
In file included from [01m[K/home/peter/ros2/UsbCaptureROS4/src/ros2_usbcapture/include/ros2_usbcapture/test_get_image.h:13[m[K,
                 from [01m[K/home/peter/ros2/UsbCaptureROS4/src/ros2_usbcapture/src/test_get_image.cpp:1[m[K:
[01m[K/opt/ros/foxy/include/cv_bridge/cv_bridge.h:232:34:[m[K [01;36m[Knote: [m[Kcandidate: â€˜[01m[Kcv_bridge::CvImageConstPtr cv_bridge::toCvShare(const ConstSharedPtr&, const string&)[m[Kâ€™
  232 | CV_BRIDGE_EXPORT CvImageConstPtr [01;36m[KtoCvShare[m[K(
      |                                  [01;36m[K^~~~~~~~~[m[K
[01m[K/opt/ros/foxy/include/cv_bridge/cv_bridge.h:233:51:[m[K [01;36m[Knote: [m[K  no known conversion for argument 1 from â€˜[01m[Kinterfaces::msg::MatWithTime_<std::allocator<void> >::_image_type[m[Kâ€™ {aka â€˜[01m[Ksensor_msgs::msg::Image_<std::allocator<void> >[m[Kâ€™} to â€˜[01m[Kconst ConstSharedPtr&[m[Kâ€™ {aka â€˜[01m[Kconst std::shared_ptr<const sensor_msgs::msg::Image_<std::allocator<void> > >&[m[Kâ€™}
  233 |   [01;36m[Kconst sensor_msgs::msg::Image::ConstSharedPtr & source[m[K,
      |   [01;36m[K~~~~~~~~~~~~~~~~~~~~~~~~~~~~~~~~~~~~~~~~~~~~~~~~^~~~~~[m[K
[01m[K/opt/ros/foxy/include/cv_bridge/cv_bridge.h:260:34:[m[K [01;36m[Knote: [m[Kcandidate: â€˜[01m[Kcv_bridge::CvImageConstPtr cv_bridge::toCvShare(const Image&, const std::shared_ptr<const void>&, const string&)[m[Kâ€™
  260 | CV_BRIDGE_EXPORT CvImageConstPtr [01;36m[KtoCvShare[m[K(
      |                                  [01;36m[K^~~~~~~~~[m[K
[01m[K/opt/ros/foxy/include/cv_bridge/cv_bridge.h:155:41:[m[K [01;36m[Knote: [m[K  no known conversion for argument 2 from â€˜[01m[Kconst char [5][m[Kâ€™ to â€˜[01m[Kconst std::shared_ptr<const void>&[m[Kâ€™
  155 |     [01;36m[Kconst std::shared_ptr<void const> & tracked_object[m[K,
      |     [01;36m[K~~~~~~~~~~~~~~~~~~~~~~~~~~~~~~~~~~~~^~~~~~~~~~~~~~[m[K
make[2]: *** [CMakeFiles/test_component.dir/build.make:63ï¼šCMakeFiles/test_component.dir/src/test_get_image.cpp.o] é”™è¯¯ 1
make[1]: *** [CMakeFiles/Makefile2:80ï¼šCMakeFiles/test_component.dir/all] é”™è¯¯ 2
make: *** [Makefile:141ï¼šall] é”™è¯¯ 2
